{"contracts\\mocks\\MockContracts.sol":{"l":{"14":19,"18":58,"22":39,"45":3,"53":66,"54":66,"62":0,"91":3,"92":3,"100":0,"101":0,"113":0,"117":0,"125":0,"126":0,"127":0,"129":0,"137":0,"139":0,"140":0,"142":0,"143":0,"145":0,"146":0,"148":0,"156":0,"164":30,"165":30,"180":0,"188":0,"190":0,"194":0,"195":0,"196":0,"204":0,"205":0,"207":0,"209":0,"210":0,"211":0,"219":0,"220":0,"221":0,"229":0,"237":0,"238":0,"246":0},"path":"E:\\Users\\Token_Harvester\\multi-strategy-vault\\contracts\\mocks\\MockContracts.sol","s":{"1":19,"2":58,"3":39,"4":66,"5":66,"6":0,"7":0,"8":0,"9":0,"10":0,"11":0,"12":0,"13":0,"14":0,"15":0,"16":0,"17":0,"18":0,"19":0,"20":30,"21":30,"22":0,"23":0,"24":0,"25":0,"26":0,"27":0,"28":0,"29":0,"30":0,"31":0,"32":0},"b":{"1":[0,0],"2":[0,0],"3":[0,0],"4":[0,0],"5":[0,0],"6":[0,0],"7":[0,0],"8":[0,0],"9":[0,0],"10":[0,0],"11":[0,0],"12":[0,0]},"f":{"1":19,"2":58,"3":39,"4":20,"5":3,"6":66,"7":0,"8":19,"9":3,"10":0,"11":0,"12":0,"13":0,"14":0,"15":30,"16":0,"17":0,"18":0,"19":0,"20":0,"21":0,"22":0},"fnMap":{"1":{"name":"constructor","line":13,"loc":{"start":{"line":13,"column":4},"end":{"line":15,"column":4}}},"2":{"name":"decimals","line":17,"loc":{"start":{"line":17,"column":4},"end":{"line":19,"column":4}}},"3":{"name":"mint","line":21,"loc":{"start":{"line":21,"column":4},"end":{"line":23,"column":4}}},"4":{"name":"constructor","line":36,"loc":{"start":{"line":34,"column":4},"end":{"line":37,"column":5}}},"5":{"name":"simulateYield","line":44,"loc":{"start":{"line":44,"column":4},"end":{"line":46,"column":4}}},"6":{"name":"totalAssets","line":52,"loc":{"start":{"line":52,"column":4},"end":{"line":55,"column":4}}},"7":{"name":"getYieldMultiplier","line":61,"loc":{"start":{"line":61,"column":4},"end":{"line":63,"column":4}}},"8":{"name":"constructor","line":83,"loc":{"start":{"line":81,"column":4},"end":{"line":84,"column":5}}},"9":{"name":"deposit","line":90,"loc":{"start":{"line":90,"column":4},"end":{"line":93,"column":4}}},"10":{"name":"withdraw","line":99,"loc":{"start":{"line":99,"column":4},"end":{"line":102,"column":4}}},"11":{"name":"redeem","line":108,"loc":{"start":{"line":108,"column":4},"end":{"line":118,"column":4}}},"12":{"name":"queueWithdrawal","line":124,"loc":{"start":{"line":124,"column":4},"end":{"line":130,"column":4}}},"13":{"name":"processWithdrawal","line":136,"loc":{"start":{"line":136,"column":4},"end":{"line":149,"column":4}}},"14":{"name":"simulateYield","line":155,"loc":{"start":{"line":155,"column":4},"end":{"line":157,"column":4}}},"15":{"name":"totalAssets","line":163,"loc":{"start":{"line":163,"column":4},"end":{"line":166,"column":4}}},"16":{"name":"constructor","line":179,"loc":{"start":{"line":179,"column":4},"end":{"line":181,"column":4}}},"17":{"name":"deposit","line":187,"loc":{"start":{"line":187,"column":4},"end":{"line":197,"column":4}}},"18":{"name":"withdraw","line":203,"loc":{"start":{"line":203,"column":4},"end":{"line":212,"column":4}}},"19":{"name":"simulateYield","line":218,"loc":{"start":{"line":218,"column":4},"end":{"line":222,"column":4}}},"20":{"name":"totalAssets","line":228,"loc":{"start":{"line":228,"column":4},"end":{"line":230,"column":4}}},"21":{"name":"convertToAssets","line":236,"loc":{"start":{"line":236,"column":4},"end":{"line":239,"column":4}}},"22":{"name":"convertToShares","line":245,"loc":{"start":{"line":245,"column":4},"end":{"line":247,"column":4}}}},"statementMap":{"1":{"start":{"line":14,"column":8},"end":{"line":14,"column":45}},"2":{"start":{"line":18,"column":8},"end":{"line":18,"column":16}},"3":{"start":{"line":22,"column":8},"end":{"line":22,"column":24}},"4":{"start":{"line":53,"column":8},"end":{"line":53,"column":69}},"5":{"start":{"line":54,"column":8},"end":{"line":54,"column":53}},"6":{"start":{"line":62,"column":8},"end":{"line":62,"column":31}},"7":{"start":{"line":100,"column":8},"end":{"line":100,"column":90}},"8":{"start":{"line":101,"column":8},"end":{"line":101,"column":54}},"9":{"start":{"line":113,"column":8},"end":{"line":113,"column":3278}},"10":{"start":{"line":117,"column":8},"end":{"line":117,"column":52}},"11":{"start":{"line":125,"column":8},"end":{"line":125,"column":70}},"12":{"start":{"line":127,"column":8},"end":{"line":127,"column":51}},"13":{"start":{"line":129,"column":8},"end":{"line":129,"column":95}},"14":{"start":{"line":137,"column":8},"end":{"line":137,"column":106}},"15":{"start":{"line":139,"column":8},"end":{"line":139,"column":55}},"16":{"start":{"line":140,"column":8},"end":{"line":140,"column":52}},"17":{"start":{"line":145,"column":8},"end":{"line":145,"column":35}},"18":{"start":{"line":146,"column":8},"end":{"line":146,"column":51}},"19":{"start":{"line":148,"column":8},"end":{"line":148,"column":52}},"20":{"start":{"line":164,"column":8},"end":{"line":164,"column":69}},"21":{"start":{"line":165,"column":8},"end":{"line":165,"column":53}},"22":{"start":{"line":188,"column":8},"end":{"line":188,"column":46}},"23":{"start":{"line":194,"column":8},"end":{"line":194,"column":60}},"24":{"start":{"line":196,"column":8},"end":{"line":196,"column":32}},"25":{"start":{"line":204,"column":8},"end":{"line":204,"column":47}},"26":{"start":{"line":205,"column":8},"end":{"line":205,"column":71}},"27":{"start":{"line":209,"column":8},"end":{"line":209,"column":32}},"28":{"start":{"line":211,"column":8},"end":{"line":211,"column":41}},"29":{"start":{"line":229,"column":8},"end":{"line":229,"column":27}},"30":{"start":{"line":237,"column":8},"end":{"line":237,"column":52}},"31":{"start":{"line":238,"column":8},"end":{"line":238,"column":84}},"32":{"start":{"line":246,"column":8},"end":{"line":246,"column":84}}},"branchMap":{"1":{"line":100,"type":"if","locations":[{"start":{"line":100,"column":8},"end":{"line":100,"column":8}},{"start":{"line":100,"column":8},"end":{"line":100,"column":8}}]},"2":{"line":113,"type":"if","locations":[{"start":{"line":113,"column":8},"end":{"line":113,"column":8}},{"start":{"line":113,"column":8},"end":{"line":113,"column":8}}]},"3":{"line":125,"type":"if","locations":[{"start":{"line":125,"column":8},"end":{"line":125,"column":8}},{"start":{"line":125,"column":8},"end":{"line":125,"column":8}}]},"4":{"line":137,"type":"if","locations":[{"start":{"line":137,"column":8},"end":{"line":137,"column":8}},{"start":{"line":137,"column":8},"end":{"line":137,"column":8}}]},"5":{"line":140,"type":"if","locations":[{"start":{"line":140,"column":8},"end":{"line":140,"column":8}},{"start":{"line":140,"column":8},"end":{"line":140,"column":8}}]},"6":{"line":188,"type":"if","locations":[{"start":{"line":188,"column":8},"end":{"line":188,"column":8}},{"start":{"line":188,"column":8},"end":{"line":188,"column":8}}]},"7":{"line":191,"type":"if","locations":[{"start":{"line":191,"column":14},"end":{"line":191,"column":19}},{"start":{"line":192,"column":14},"end":{"line":192,"column":52}}]},"8":{"line":204,"type":"if","locations":[{"start":{"line":204,"column":8},"end":{"line":204,"column":8}},{"start":{"line":204,"column":8},"end":{"line":204,"column":8}}]},"9":{"line":205,"type":"if","locations":[{"start":{"line":205,"column":8},"end":{"line":205,"column":8}},{"start":{"line":205,"column":8},"end":{"line":205,"column":8}}]},"10":{"line":237,"type":"if","locations":[{"start":{"line":237,"column":8},"end":{"line":237,"column":8}},{"start":{"line":237,"column":8},"end":{"line":237,"column":8}}]},"11":{"line":238,"type":"if","locations":[{"start":{"line":238,"column":36},"end":{"line":238,"column":41}},{"start":{"line":238,"column":45},"end":{"line":238,"column":83}}]},"12":{"line":246,"type":"if","locations":[{"start":{"line":246,"column":36},"end":{"line":246,"column":41}},{"start":{"line":246,"column":45},"end":{"line":246,"column":83}}]}}},"contracts\\MultiStrategyVault.sol":{"l":{"72":19,"73":19,"92":19,"93":18,"96":18,"97":18,"98":8,"99":8,"102":18,"104":17,"112":17,"120":1,"121":1,"123":1,"124":1,"127":1,"128":1,"129":1,"130":0,"133":1,"135":1,"136":1,"143":0,"145":0,"146":0,"156":7,"157":7,"160":7,"161":10,"162":10,"164":10,"165":10,"167":10,"168":1,"169":1,"174":7,"177":7,"178":10,"179":10,"181":10,"182":10,"184":10,"185":10,"186":10,"187":1,"189":10,"190":10,"194":7,"210":10,"211":10,"225":0,"226":0,"241":4,"243":4,"245":2,"246":2,"249":2,"250":2,"252":4,"266":0,"267":0,"269":0,"271":0,"272":0,"275":0,"278":0,"288":2,"289":0,"290":0,"291":0,"295":2,"297":2,"304":2,"306":2,"313":0,"314":0,"316":0,"317":0,"319":0,"320":0,"322":0,"323":0,"325":0,"327":0,"335":3,"346":42,"348":42,"349":59,"350":59,"354":42,"362":80,"364":80,"365":80,"366":80,"367":80,"369":0,"378":12,"379":12,"381":12,"382":3,"383":3,"386":12,"387":12,"397":10,"398":10,"400":10,"402":10,"403":10,"405":0,"414":2,"416":2,"417":2,"418":2,"419":2,"431":3,"439":0,"447":1,"448":1,"449":1,"450":1,"451":1,"464":2,"472":0,"485":1,"486":1,"487":1,"488":1},"path":"E:\\Users\\Token_Harvester\\multi-strategy-vault\\contracts\\MultiStrategyVault.sol","s":{"1":19,"2":19,"3":19,"4":18,"5":18,"6":18,"7":8,"8":18,"9":17,"10":17,"11":1,"12":1,"13":1,"14":1,"15":1,"16":1,"17":1,"18":1,"19":1,"20":0,"21":0,"22":7,"23":7,"24":7,"25":10,"26":10,"27":10,"28":10,"29":10,"30":1,"31":1,"32":7,"33":10,"34":10,"35":10,"36":10,"37":10,"38":10,"39":10,"40":10,"41":7,"42":10,"43":0,"44":4,"45":4,"46":2,"47":2,"48":4,"49":0,"50":0,"51":0,"52":0,"53":0,"54":2,"55":0,"56":0,"57":0,"58":2,"59":2,"60":2,"61":0,"62":0,"63":0,"64":0,"65":0,"66":0,"67":0,"68":0,"69":3,"70":42,"71":42,"72":59,"73":42,"74":80,"75":80,"76":80,"77":80,"78":80,"79":0,"80":12,"81":12,"82":12,"83":3,"84":3,"85":10,"86":10,"87":10,"88":10,"89":10,"90":0,"91":2,"92":2,"93":2,"94":2,"95":2,"96":3,"97":0,"98":1,"99":1,"100":1,"101":1,"102":1,"103":2,"104":0},"b":{"1":[19,1],"2":[1,18],"3":[0,18],"4":[8,0],"5":[1,17],"6":[1,0],"7":[0,1],"8":[0,1],"9":[0,1],"10":[0,1],"11":[0,1],"12":[0,0],"13":[0,0],"14":[7,1],"15":[7,0],"16":[7,0],"17":[0,10],"18":[1,9],"19":[0,10],"20":[10,0],"21":[1,9],"22":[11,0],"23":[10,1],"24":[0,0],"25":[0,0],"26":[4,0],"27":[4,0],"28":[2,2],"29":[0,0],"30":[0,0],"31":[0,0],"32":[0,2],"33":[0,0],"34":[0,0],"35":[0,0],"36":[0,0],"37":[0,0],"38":[59,0],"39":[80,0],"40":[3,9],"41":[1,2],"42":[10,0],"43":[2,0],"44":[3,1],"45":[0,0],"46":[1,0],"47":[1,0],"48":[1,0],"49":[1,0],"50":[1,0]},"f":{"1":19,"2":19,"3":1,"4":0,"5":7,"6":10,"7":0,"8":4,"9":0,"10":2,"11":0,"12":3,"13":42,"14":80,"15":12,"16":10,"17":2,"18":3,"19":0,"20":1,"21":2,"22":0,"23":1},"fnMap":{"1":{"name":"constructor","line":71,"loc":{"start":{"line":67,"column":4},"end":{"line":74,"column":4}}},"2":{"name":"addStrategy","line":91,"loc":{"start":{"line":86,"column":4},"end":{"line":113,"column":4}}},"3":{"name":"updateStrategyAllocation","line":119,"loc":{"start":{"line":119,"column":3},"end":{"line":137,"column":3}}},"4":{"name":"removeStrategy","line":142,"loc":{"start":{"line":142,"column":4},"end":{"line":147,"column":4}}},"5":{"name":"rebalance","line":155,"loc":{"start":{"line":155,"column":3},"end":{"line":195,"column":3}}},"6":{"name":"deposit","line":207,"loc":{"start":{"line":203,"column":4},"end":{"line":212,"column":4}}},"7":{"name":"mint","line":222,"loc":{"start":{"line":218,"column":3},"end":{"line":227,"column":4}}},"8":{"name":"withdraw","line":238,"loc":{"start":{"line":234,"column":4},"end":{"line":253,"column":4}}},"9":{"name":"redeem","line":263,"loc":{"start":{"line":259,"column":4},"end":{"line":279,"column":4}}},"10":{"name":"_queueWithdrawal","line":287,"loc":{"start":{"line":287,"column":4},"end":{"line":307,"column":4}}},"11":{"name":"completeWithdrawal","line":312,"loc":{"start":{"line":312,"column":4},"end":{"line":328,"column":4}}},"12":{"name":"getPendingWithdrawals","line":334,"loc":{"start":{"line":334,"column":4},"end":{"line":336,"column":4}}},"13":{"name":"totalAssets","line":345,"loc":{"start":{"line":345,"column":4},"end":{"line":355,"column":4}}},"14":{"name":"_getStrategyBalance","line":361,"loc":{"start":{"line":361,"column":4},"end":{"line":371,"column":4}}},"15":{"name":"_updateTotalAssetsCache","line":377,"loc":{"start":{"line":377,"column":4},"end":{"line":388,"column":4}}},"16":{"name":"_depositToStrategy","line":396,"loc":{"start":{"line":396,"column":4},"end":{"line":407,"column":4}}},"17":{"name":"_withdrawFromStrategy","line":413,"loc":{"start":{"line":413,"column":4},"end":{"line":423,"column":4}}},"18":{"name":"pause","line":430,"loc":{"start":{"line":430,"column":4},"end":{"line":432,"column":4}}},"19":{"name":"unpause","line":438,"loc":{"start":{"line":438,"column":4},"end":{"line":440,"column":4}}},"20":{"name":"emergencyWithdrawAll","line":446,"loc":{"start":{"line":446,"column":4},"end":{"line":455,"column":4}}},"21":{"name":"getStrategies","line":463,"loc":{"start":{"line":463,"column":4},"end":{"line":465,"column":4}}},"22":{"name":"getStrategyCount","line":471,"loc":{"start":{"line":471,"column":4},"end":{"line":473,"column":4}}},"23":{"name":"getVaultMetrics","line":479,"loc":{"start":{"line":479,"column":4},"end":{"line":489,"column":4}}}},"statementMap":{"1":{"start":{"line":72,"column":8},"end":{"line":72,"column":49}},"2":{"start":{"line":73,"column":8},"end":{"line":73,"column":43}},"3":{"start":{"line":92,"column":8},"end":{"line":92,"column":77}},"4":{"start":{"line":93,"column":8},"end":{"line":93,"column":69}},"5":{"start":{"line":96,"column":8},"end":{"line":96,"column":47}},"6":{"start":{"line":97,"column":8},"end":{"line":97,"column":3526}},"7":{"start":{"line":98,"column":12},"end":{"line":98,"column":3592}},"8":{"start":{"line":102,"column":8},"end":{"line":102,"column":78}},"9":{"start":{"line":104,"column":8},"end":{"line":104,"column":3797}},"10":{"start":{"line":112,"column":8},"end":{"line":112,"column":80}},"11":{"start":{"line":120,"column":4},"end":{"line":120,"column":70}},"12":{"start":{"line":121,"column":4},"end":{"line":121,"column":76}},"13":{"start":{"line":123,"column":4},"end":{"line":123,"column":54}},"14":{"start":{"line":124,"column":4},"end":{"line":124,"column":54}},"15":{"start":{"line":127,"column":4},"end":{"line":127,"column":46}},"16":{"start":{"line":128,"column":4},"end":{"line":128,"column":4626}},"17":{"start":{"line":129,"column":8},"end":{"line":129,"column":4689}},"18":{"start":{"line":133,"column":4},"end":{"line":133,"column":74}},"19":{"start":{"line":136,"column":4},"end":{"line":136,"column":54}},"20":{"start":{"line":143,"column":8},"end":{"line":143,"column":74}},"21":{"start":{"line":146,"column":8},"end":{"line":146,"column":40}},"22":{"start":{"line":156,"column":7},"end":{"line":156,"column":47}},"23":{"start":{"line":157,"column":7},"end":{"line":157,"column":73}},"24":{"start":{"line":160,"column":8},"end":{"line":160,"column":5729}},"25":{"start":{"line":161,"column":12},"end":{"line":161,"column":52}},"26":{"start":{"line":162,"column":12},"end":{"line":162,"column":44}},"27":{"start":{"line":164,"column":12},"end":{"line":164,"column":96}},"28":{"start":{"line":165,"column":12},"end":{"line":165,"column":58}},"29":{"start":{"line":167,"column":12},"end":{"line":167,"column":6055}},"30":{"start":{"line":168,"column":16},"end":{"line":168,"column":69}},"31":{"start":{"line":169,"column":16},"end":{"line":169,"column":55}},"32":{"start":{"line":177,"column":8},"end":{"line":177,"column":6404}},"33":{"start":{"line":178,"column":12},"end":{"line":178,"column":52}},"34":{"start":{"line":179,"column":12},"end":{"line":179,"column":44}},"35":{"start":{"line":181,"column":12},"end":{"line":181,"column":96}},"36":{"start":{"line":182,"column":12},"end":{"line":182,"column":58}},"37":{"start":{"line":184,"column":12},"end":{"line":184,"column":6730}},"38":{"start":{"line":185,"column":16},"end":{"line":185,"column":68}},"39":{"start":{"line":186,"column":16},"end":{"line":186,"column":6879}},"40":{"start":{"line":189,"column":16},"end":{"line":189,"column":51}},"41":{"start":{"line":194,"column":9},"end":{"line":194,"column":41}},"42":{"start":{"line":211,"column":8},"end":{"line":211,"column":32}},"43":{"start":{"line":226,"column":8},"end":{"line":226,"column":32}},"44":{"start":{"line":241,"column":8},"end":{"line":241,"column":77}},"45":{"start":{"line":243,"column":8},"end":{"line":243,"column":8293}},"46":{"start":{"line":246,"column":12},"end":{"line":246,"column":36}},"47":{"start":{"line":250,"column":12},"end":{"line":250,"column":50}},"48":{"start":{"line":252,"column":8},"end":{"line":252,"column":21}},"49":{"start":{"line":267,"column":8},"end":{"line":267,"column":77}},"50":{"start":{"line":269,"column":8},"end":{"line":269,"column":9021}},"51":{"start":{"line":272,"column":12},"end":{"line":272,"column":36}},"52":{"start":{"line":275,"column":12},"end":{"line":275,"column":50}},"53":{"start":{"line":278,"column":8},"end":{"line":278,"column":21}},"54":{"start":{"line":288,"column":8},"end":{"line":288,"column":9547}},"55":{"start":{"line":289,"column":12},"end":{"line":289,"column":57}},"56":{"start":{"line":290,"column":12},"end":{"line":290,"column":9648}},"57":{"start":{"line":291,"column":16},"end":{"line":291,"column":59}},"58":{"start":{"line":295,"column":8},"end":{"line":295,"column":26}},"59":{"start":{"line":297,"column":8},"end":{"line":297,"column":9807}},"60":{"start":{"line":306,"column":8},"end":{"line":306,"column":85}},"61":{"start":{"line":313,"column":8},"end":{"line":313,"column":74}},"62":{"start":{"line":314,"column":8},"end":{"line":314,"column":70}},"63":{"start":{"line":316,"column":8},"end":{"line":316,"column":63}},"64":{"start":{"line":317,"column":8},"end":{"line":317,"column":58}},"65":{"start":{"line":319,"column":8},"end":{"line":319,"column":74}},"66":{"start":{"line":320,"column":8},"end":{"line":320,"column":73}},"67":{"start":{"line":325,"column":8},"end":{"line":325,"column":63}},"68":{"start":{"line":327,"column":8},"end":{"line":327,"column":71}},"69":{"start":{"line":335,"column":8},"end":{"line":335,"column":36}},"70":{"start":{"line":346,"column":8},"end":{"line":346,"column":64}},"71":{"start":{"line":348,"column":8},"end":{"line":348,"column":11462}},"72":{"start":{"line":349,"column":12},"end":{"line":349,"column":11528}},"73":{"start":{"line":354,"column":8},"end":{"line":354,"column":20}},"74":{"start":{"line":362,"column":8},"end":{"line":362,"column":57}},"75":{"start":{"line":364,"column":8},"end":{"line":364,"column":11878}},"76":{"start":{"line":365,"column":12},"end":{"line":365,"column":71}},"77":{"start":{"line":366,"column":12},"end":{"line":366,"column":67}},"78":{"start":{"line":367,"column":12},"end":{"line":367,"column":56}},"79":{"start":{"line":369,"column":12},"end":{"line":369,"column":76}},"80":{"start":{"line":378,"column":8},"end":{"line":378,"column":50}},"81":{"start":{"line":379,"column":8},"end":{"line":379,"column":40}},"82":{"start":{"line":381,"column":8},"end":{"line":381,"column":12454}},"83":{"start":{"line":382,"column":12},"end":{"line":382,"column":88}},"84":{"start":{"line":383,"column":12},"end":{"line":383,"column":67}},"85":{"start":{"line":397,"column":8},"end":{"line":397,"column":57}},"86":{"start":{"line":398,"column":8},"end":{"line":398,"column":43}},"87":{"start":{"line":400,"column":8},"end":{"line":400,"column":64}},"88":{"start":{"line":402,"column":8},"end":{"line":402,"column":13151}},"89":{"start":{"line":403,"column":12},"end":{"line":403,"column":76}},"90":{"start":{"line":405,"column":12},"end":{"line":405,"column":68}},"91":{"start":{"line":414,"column":8},"end":{"line":414,"column":57}},"92":{"start":{"line":416,"column":8},"end":{"line":416,"column":13574}},"93":{"start":{"line":417,"column":12},"end":{"line":417,"column":71}},"94":{"start":{"line":418,"column":12},"end":{"line":418,"column":66}},"95":{"start":{"line":419,"column":12},"end":{"line":419,"column":69}},"96":{"start":{"line":431,"column":8},"end":{"line":431,"column":15}},"97":{"start":{"line":439,"column":8},"end":{"line":439,"column":17}},"98":{"start":{"line":447,"column":8},"end":{"line":447,"column":14436}},"99":{"start":{"line":448,"column":12},"end":{"line":448,"column":14502}},"100":{"start":{"line":449,"column":16},"end":{"line":449,"column":56}},"101":{"start":{"line":450,"column":16},"end":{"line":450,"column":14610}},"102":{"start":{"line":451,"column":20},"end":{"line":451,"column":52}},"103":{"start":{"line":464,"column":8},"end":{"line":464,"column":25}},"104":{"start":{"line":472,"column":8},"end":{"line":472,"column":32}}},"branchMap":{"1":{"line":91,"type":"if","locations":[{"start":{"line":91,"column":15},"end":{"line":91,"column":15}},{"start":{"line":91,"column":15},"end":{"line":91,"column":15}}]},"2":{"line":92,"type":"if","locations":[{"start":{"line":92,"column":8},"end":{"line":92,"column":8}},{"start":{"line":92,"column":8},"end":{"line":92,"column":8}}]},"3":{"line":93,"type":"if","locations":[{"start":{"line":93,"column":8},"end":{"line":93,"column":8}},{"start":{"line":93,"column":8},"end":{"line":93,"column":8}}]},"4":{"line":98,"type":"if","locations":[{"start":{"line":98,"column":12},"end":{"line":98,"column":12}},{"start":{"line":98,"column":12},"end":{"line":98,"column":12}}]},"5":{"line":102,"type":"if","locations":[{"start":{"line":102,"column":8},"end":{"line":102,"column":8}},{"start":{"line":102,"column":8},"end":{"line":102,"column":8}}]},"6":{"line":119,"type":"if","locations":[{"start":{"line":119,"column":92},"end":{"line":119,"column":92}},{"start":{"line":119,"column":92},"end":{"line":119,"column":92}}]},"7":{"line":120,"type":"if","locations":[{"start":{"line":120,"column":4},"end":{"line":120,"column":4}},{"start":{"line":120,"column":4},"end":{"line":120,"column":4}}]},"8":{"line":121,"type":"if","locations":[{"start":{"line":121,"column":4},"end":{"line":121,"column":4}},{"start":{"line":121,"column":4},"end":{"line":121,"column":4}}]},"9":{"line":124,"type":"if","locations":[{"start":{"line":124,"column":4},"end":{"line":124,"column":4}},{"start":{"line":124,"column":4},"end":{"line":124,"column":4}}]},"10":{"line":129,"type":"if","locations":[{"start":{"line":129,"column":8},"end":{"line":129,"column":8}},{"start":{"line":129,"column":8},"end":{"line":129,"column":8}}]},"11":{"line":133,"type":"if","locations":[{"start":{"line":133,"column":4},"end":{"line":133,"column":4}},{"start":{"line":133,"column":4},"end":{"line":133,"column":4}}]},"12":{"line":142,"type":"if","locations":[{"start":{"line":142,"column":57},"end":{"line":142,"column":57}},{"start":{"line":142,"column":57},"end":{"line":142,"column":57}}]},"13":{"line":143,"type":"if","locations":[{"start":{"line":143,"column":8},"end":{"line":143,"column":8}},{"start":{"line":143,"column":8},"end":{"line":143,"column":8}}]},"14":{"line":155,"type":"if","locations":[{"start":{"line":155,"column":33},"end":{"line":155,"column":33}},{"start":{"line":155,"column":33},"end":{"line":155,"column":33}}]},"15":{"line":155,"type":"if","locations":[{"start":{"line":155,"column":56},"end":{"line":155,"column":56}},{"start":{"line":155,"column":56},"end":{"line":155,"column":56}}]},"16":{"line":155,"type":"if","locations":[{"start":{"line":155,"column":69},"end":{"line":155,"column":69}},{"start":{"line":155,"column":69},"end":{"line":155,"column":69}}]},"17":{"line":162,"type":"if","locations":[{"start":{"line":162,"column":12},"end":{"line":162,"column":12}},{"start":{"line":162,"column":12},"end":{"line":162,"column":12}}]},"18":{"line":167,"type":"if","locations":[{"start":{"line":167,"column":12},"end":{"line":167,"column":12}},{"start":{"line":167,"column":12},"end":{"line":167,"column":12}}]},"19":{"line":179,"type":"if","locations":[{"start":{"line":179,"column":12},"end":{"line":179,"column":12}},{"start":{"line":179,"column":12},"end":{"line":179,"column":12}}]},"20":{"line":184,"type":"if","locations":[{"start":{"line":184,"column":12},"end":{"line":184,"column":12}},{"start":{"line":184,"column":12},"end":{"line":184,"column":12}}]},"21":{"line":186,"type":"if","locations":[{"start":{"line":186,"column":16},"end":{"line":186,"column":16}},{"start":{"line":186,"column":16},"end":{"line":186,"column":16}}]},"22":{"line":206,"type":"if","locations":[{"start":{"line":206,"column":8},"end":{"line":206,"column":8}},{"start":{"line":206,"column":8},"end":{"line":206,"column":8}}]},"23":{"line":207,"type":"if","locations":[{"start":{"line":207,"column":8},"end":{"line":207,"column":8}},{"start":{"line":207,"column":8},"end":{"line":207,"column":8}}]},"24":{"line":221,"type":"if","locations":[{"start":{"line":221,"column":8},"end":{"line":221,"column":8}},{"start":{"line":221,"column":8},"end":{"line":221,"column":8}}]},"25":{"line":222,"type":"if","locations":[{"start":{"line":222,"column":8},"end":{"line":222,"column":8}},{"start":{"line":222,"column":8},"end":{"line":222,"column":8}}]},"26":{"line":237,"type":"if","locations":[{"start":{"line":237,"column":8},"end":{"line":237,"column":8}},{"start":{"line":237,"column":8},"end":{"line":237,"column":8}}]},"27":{"line":238,"type":"if","locations":[{"start":{"line":238,"column":8},"end":{"line":238,"column":8}},{"start":{"line":238,"column":8},"end":{"line":238,"column":8}}]},"28":{"line":243,"type":"if","locations":[{"start":{"line":243,"column":8},"end":{"line":243,"column":8}},{"start":{"line":243,"column":8},"end":{"line":243,"column":8}}]},"29":{"line":262,"type":"if","locations":[{"start":{"line":262,"column":8},"end":{"line":262,"column":8}},{"start":{"line":262,"column":8},"end":{"line":262,"column":8}}]},"30":{"line":263,"type":"if","locations":[{"start":{"line":263,"column":8},"end":{"line":263,"column":8}},{"start":{"line":263,"column":8},"end":{"line":263,"column":8}}]},"31":{"line":269,"type":"if","locations":[{"start":{"line":269,"column":8},"end":{"line":269,"column":8}},{"start":{"line":269,"column":8},"end":{"line":269,"column":8}}]},"32":{"line":288,"type":"if","locations":[{"start":{"line":288,"column":8},"end":{"line":288,"column":8}},{"start":{"line":288,"column":8},"end":{"line":288,"column":8}}]},"33":{"line":290,"type":"if","locations":[{"start":{"line":290,"column":12},"end":{"line":290,"column":12}},{"start":{"line":290,"column":12},"end":{"line":290,"column":12}}]},"34":{"line":312,"type":"if","locations":[{"start":{"line":312,"column":60},"end":{"line":312,"column":60}},{"start":{"line":312,"column":60},"end":{"line":312,"column":60}}]},"35":{"line":314,"type":"if","locations":[{"start":{"line":314,"column":8},"end":{"line":314,"column":8}},{"start":{"line":314,"column":8},"end":{"line":314,"column":8}}]},"36":{"line":317,"type":"if","locations":[{"start":{"line":317,"column":8},"end":{"line":317,"column":8}},{"start":{"line":317,"column":8},"end":{"line":317,"column":8}}]},"37":{"line":320,"type":"if","locations":[{"start":{"line":320,"column":8},"end":{"line":320,"column":8}},{"start":{"line":320,"column":8},"end":{"line":320,"column":8}}]},"38":{"line":349,"type":"if","locations":[{"start":{"line":349,"column":12},"end":{"line":349,"column":12}},{"start":{"line":349,"column":12},"end":{"line":349,"column":12}}]},"39":{"line":364,"type":"if","locations":[{"start":{"line":364,"column":8},"end":{"line":364,"column":8}},{"start":{"line":364,"column":8},"end":{"line":364,"column":8}}]},"40":{"line":381,"type":"if","locations":[{"start":{"line":381,"column":8},"end":{"line":381,"column":8}},{"start":{"line":381,"column":8},"end":{"line":381,"column":8}}]},"41":{"line":382,"type":"if","locations":[{"start":{"line":382,"column":61},"end":{"line":382,"column":84}},{"start":{"line":382,"column":87},"end":{"line":382,"column":87}}]},"42":{"line":402,"type":"if","locations":[{"start":{"line":402,"column":8},"end":{"line":402,"column":8}},{"start":{"line":402,"column":8},"end":{"line":402,"column":8}}]},"43":{"line":416,"type":"if","locations":[{"start":{"line":416,"column":8},"end":{"line":416,"column":8}},{"start":{"line":416,"column":8},"end":{"line":416,"column":8}}]},"44":{"line":430,"type":"if","locations":[{"start":{"line":430,"column":30},"end":{"line":430,"column":30}},{"start":{"line":430,"column":30},"end":{"line":430,"column":30}}]},"45":{"line":438,"type":"if","locations":[{"start":{"line":438,"column":32},"end":{"line":438,"column":32}},{"start":{"line":438,"column":32},"end":{"line":438,"column":32}}]},"46":{"line":446,"type":"if","locations":[{"start":{"line":446,"column":45},"end":{"line":446,"column":45}},{"start":{"line":446,"column":45},"end":{"line":446,"column":45}}]},"47":{"line":446,"type":"if","locations":[{"start":{"line":446,"column":74},"end":{"line":446,"column":74}},{"start":{"line":446,"column":74},"end":{"line":446,"column":74}}]},"48":{"line":448,"type":"if","locations":[{"start":{"line":448,"column":12},"end":{"line":448,"column":12}},{"start":{"line":448,"column":12},"end":{"line":448,"column":12}}]},"49":{"line":450,"type":"if","locations":[{"start":{"line":450,"column":16},"end":{"line":450,"column":16}},{"start":{"line":450,"column":16},"end":{"line":450,"column":16}}]},"50":{"line":487,"type":"if","locations":[{"start":{"line":487,"column":48},"end":{"line":487,"column":93}},{"start":{"line":487,"column":97},"end":{"line":487,"column":100}}]}}}}